2024-11-21 13:52:51 [main] INFO  flowershop.app.FlowerShopMenu - Ініціалізовано FlowerShopMenu.
2024-11-21 13:52:51 [main] INFO  flowershop.app.FlowerShopMenu - Меню квіткового магазину запущено.
2024-11-21 13:52:55 [main] INFO  flowershop.app.FlowerShopMenu - Обрано опцію: 1
2024-11-21 13:52:55 [main] INFO  f.commands.CreateBouquetCommand - Розпочато створення нового букету
2024-11-21 13:52:55 [main] INFO  f.commands.CreateBouquetCommand - Обрано опцію: 1
2024-11-21 13:52:56 [main] INFO  f.commands.CreateBouquetCommand - Додано квітку: Троянда (Ціна: 1.0, Свіжість: 1, Довжина стебла: 1)
2024-11-21 13:52:57 [main] INFO  f.commands.CreateBouquetCommand - Обрано опцію: 1
2024-11-21 13:52:57 [main] INFO  f.commands.CreateBouquetCommand - Додано квітку: Троянда (Ціна: 1.0, Свіжість: 1, Довжина стебла: 1)
2024-11-21 13:52:58 [main] INFO  f.commands.CreateBouquetCommand - Обрано опцію: 4
2024-11-21 13:52:58 [main] INFO  f.commands.CreateBouquetCommand - Додавання квітів завершено
2024-11-21 13:52:59 [main] INFO  f.commands.CreateBouquetCommand - Обрано опцію: 1
2024-11-21 13:52:59 [main] INFO  f.commands.CreateBouquetCommand - Додано аксесуар: Аксесуар 'Стрічка' (Ціна: 1.0 грн)
2024-11-21 13:52:59 [main] INFO  f.commands.CreateBouquetCommand - Обрано опцію: 1
2024-11-21 13:53:00 [main] INFO  f.commands.CreateBouquetCommand - Додано аксесуар: Аксесуар 'Стрічка' (Ціна: 1.0 грн)
2024-11-21 13:53:01 [main] INFO  f.commands.CreateBouquetCommand - Обрано опцію: 4
2024-11-21 13:53:01 [main] INFO  f.commands.CreateBouquetCommand - Додавання аксесуарів завершено
2024-11-21 13:53:01 [main] INFO  f.commands.CreateBouquetCommand - Букет створено успішно. Зміст: Bouquet{flowers=[Троянда (Ціна: 1.0, Свіжість: 1, Довжина стебла: 1), Троянда (Ціна: 1.0, Свіжість: 1, Довжина стебла: 1)], accessories=[Аксесуар 'Стрічка' (Ціна: 1.0 грн), Аксесуар 'Стрічка' (Ціна: 1.0 грн)]}
2024-11-21 13:53:01 [main] INFO  flowershop.app.FlowerShopMenu - Створено новий букет.
2024-11-21 13:53:02 [main] INFO  flowershop.app.FlowerShopMenu - Обрано опцію: 2
2024-11-21 13:53:02 [main] INFO  flowershop.commands.AddFlowerCommand - Розпочато додавання квітки до букету
2024-11-21 13:53:04 [main] INFO  flowershop.commands.AddFlowerCommand - Обрано тип квітки: 1
2024-11-21 13:53:05 [main] INFO  flowershop.commands.AddFlowerCommand - Квітка успішно додана: Троянда (Ціна: 1.0, Свіжість: 1, Довжина стебла: 1)
2024-11-21 13:53:05 [main] INFO  flowershop.app.FlowerShopMenu - Додано квітку до букета.
2024-11-21 13:53:10 [main] INFO  flowershop.app.FlowerShopMenu - Обрано опцію: 8
2024-11-21 13:53:10 [main] INFO  flowershop.app.FlowerShopMenu - Завершення роботи програми.
2024-11-21 13:54:04 [main] INFO  flowershop.app.FlowerShopMenu - Ініціалізовано FlowerShopMenu.
2024-11-21 13:54:04 [main] INFO  flowershop.app.FlowerShopMenu - Меню квіткового магазину запущено.
2024-11-21 13:54:06 [main] INFO  flowershop.app.FlowerShopMenu - Обрано опцію: 1
2024-11-21 13:54:06 [main] INFO  f.commands.CreateBouquetCommand - Розпочато створення нового букету
2024-11-21 13:54:07 [main] INFO  f.commands.CreateBouquetCommand - Обрано опцію: 1
2024-11-21 13:54:09 [main] ERROR f.commands.CreateBouquetCommand - Помилка введення: некоректне число
java.lang.NumberFormatException: For input string: "ф"
	at java.base/jdk.internal.math.FloatingDecimal.readJavaFormatString(FloatingDecimal.java:2054)
	at java.base/jdk.internal.math.FloatingDecimal.parseDouble(FloatingDecimal.java:110)
	at java.base/java.lang.Double.parseDouble(Double.java:944)
	at flowershop.commands.CreateBouquetCommand.addFlowers(CreateBouquetCommand.java:54)
	at flowershop.commands.CreateBouquetCommand.execute(CreateBouquetCommand.java:28)
	at flowershop.app.FlowerShopMenu.displayMenu(FlowerShopMenu.java:42)
	at flowershop.app.FlowerShopApp.main(FlowerShopApp.java:12)
2024-11-21 13:54:12 [main] INFO  f.commands.CreateBouquetCommand - Обрано опцію: 4
2024-11-21 13:54:12 [main] INFO  f.commands.CreateBouquetCommand - Додавання квітів завершено
2024-11-21 13:54:13 [main] INFO  f.commands.CreateBouquetCommand - Обрано опцію: 4
2024-11-21 13:54:13 [main] INFO  f.commands.CreateBouquetCommand - Додавання аксесуарів завершено
2024-11-21 13:54:13 [main] INFO  f.commands.CreateBouquetCommand - Букет створено успішно. Зміст: Bouquet{flowers=[], accessories=[]}
2024-11-21 13:54:13 [main] INFO  flowershop.app.FlowerShopMenu - Створено новий букет.
2024-11-21 13:54:14 [main] INFO  flowershop.app.FlowerShopMenu - Обрано опцію: 8
2024-11-21 13:54:14 [main] INFO  flowershop.app.FlowerShopMenu - Завершення роботи програми.
2024-11-21 14:17:39 [main] INFO  flowershop.app.FlowerShopMenu - Ініціалізовано FlowerShopMenu.
2024-11-21 14:17:39 [main] INFO  flowershop.app.FlowerShopMenu - Меню квіткового магазину запущено.
2024-11-21 14:17:44 [main] INFO  flowershop.app.FlowerShopMenu - Обрано опцію: 1
2024-11-21 14:17:44 [main] INFO  f.commands.CreateBouquetCommand - Розпочато створення нового букету
2024-11-21 14:17:47 [main] INFO  f.commands.CreateBouquetCommand - Обрано опцію: 1
2024-11-21 14:17:51 [main] INFO  f.commands.CreateBouquetCommand - Додано квітку: Троянда (Ціна: 10.0, Свіжість: 10, Довжина стебла: 10)
2024-11-21 14:17:53 [main] INFO  f.commands.CreateBouquetCommand - Обрано опцію: 4
2024-11-21 14:17:53 [main] INFO  f.commands.CreateBouquetCommand - Додавання квітів завершено
2024-11-21 14:17:55 [main] INFO  f.commands.CreateBouquetCommand - Обрано опцію: 1
2024-11-21 14:17:56 [main] INFO  f.commands.CreateBouquetCommand - Додано аксесуар: Аксесуар 'Стрічка' (Ціна: 10.0 грн)
2024-11-21 14:17:57 [main] INFO  f.commands.CreateBouquetCommand - Обрано опцію: 4
2024-11-21 14:17:57 [main] INFO  f.commands.CreateBouquetCommand - Додавання аксесуарів завершено
2024-11-21 14:17:57 [main] INFO  f.commands.CreateBouquetCommand - Букет створено успішно. Зміст: Bouquet{flowers=[Троянда (Ціна: 10.0, Свіжість: 10, Довжина стебла: 10)], accessories=[Аксесуар 'Стрічка' (Ціна: 10.0 грн)]}
2024-11-21 14:17:57 [main] INFO  flowershop.app.FlowerShopMenu - Створено новий букет.
2024-11-21 14:18:09 [main] INFO  flowershop.app.FlowerShopMenu - Обрано опцію: 0
2024-11-21 14:18:09 [main] WARN  flowershop.app.FlowerShopMenu - Обрано невірну опцію: 0
2024-11-21 14:18:12 [main] INFO  flowershop.app.FlowerShopMenu - Обрано опцію: 8
2024-11-21 14:18:12 [main] INFO  flowershop.app.FlowerShopMenu - Завершення роботи програми.
2024-11-21 14:36:21 [main] INFO  flowershop.app.FlowerShopMenu - Ініціалізовано FlowerShopMenu.
2024-11-21 14:36:21 [main] INFO  flowershop.app.FlowerShopMenu - Меню квіткового магазину запущено.
2024-11-21 14:36:27 [main] INFO  flowershop.app.FlowerShopMenu - Обрано опцію: 666
2024-11-21 14:36:27 [main] ERROR flowershop.app.FlowerShopMenu - Помилка ділення на нуль: 
java.lang.ArithmeticException: / by zero
	at flowershop.app.FlowerShopMenu.displayMenu(FlowerShopMenu.java:75)
	at flowershop.app.FlowerShopApp.main(FlowerShopApp.java:12)
2024-11-21 14:36:46 [main] INFO  flowershop.app.FlowerShopMenu - Обрано опцію: 8
2024-11-21 14:36:46 [main] INFO  flowershop.app.FlowerShopMenu - Завершення роботи програми.
2024-11-24 02:49:35 [main] INFO  flowershop.app.FlowerShopMenu - Ініціалізовано FlowerShopMenu.
2024-11-24 02:49:35 [main] INFO  flowershop.app.FlowerShopMenu - Меню квіткового магазину запущено.
2024-11-24 02:49:39 [main] INFO  flowershop.app.FlowerShopMenu - Обрано опцію: 666
2024-11-24 02:49:39 [main] ERROR flowershop.app.FlowerShopMenu - Помилка ділення на нуль: 
java.lang.ArithmeticException: / by zero
	at flowershop.app.FlowerShopMenu.displayMenu(FlowerShopMenu.java:75)
	at flowershop.app.FlowerShopApp.main(FlowerShopApp.java:12)
